This file contains any messages produced by compilers while
running configure, to aid debugging if configure makes a mistake.

It was created by POLICE_work configure 1.0, which was
generated by GNU Autoconf 2.65.  Invocation command line was

  $ ./configure --host=arm-none-linux-gnueabi --prefix=/opt/sdb/rootfs/opt/install/

## --------- ##
## Platform. ##
## --------- ##

hostname = ubuntu
uname -m = i686
uname -r = 2.6.32-38-generic
uname -s = Linux
uname -v = #83-Ubuntu SMP Wed Jan 4 11:13:04 UTC 2012

/usr/bin/uname -p = unknown
/bin/uname -X     = unknown

/bin/arch              = unknown
/usr/bin/arch -k       = unknown
/usr/convex/getsysinfo = unknown
/usr/bin/hostinfo      = unknown
/bin/machine           = unknown
/usr/bin/oslevel       = unknown
/bin/universe          = unknown

PATH: /usr/local/sbin
PATH: /usr/local/bin
PATH: /usr/sbin
PATH: /usr/bin
PATH: /sbin
PATH: /bin
PATH: /usr/games
PATH: /root/CodeSourcery/Sourcery_G++_Lite/bin
PATH: /home/simon/omap3730/arm-eabi-4.4.0/bin


## ----------- ##
## Core tests. ##
## ----------- ##

configure:2182: checking for a BSD-compatible install
configure:2250: result: /usr/bin/install -c
configure:2261: checking whether build environment is sane
configure:2311: result: yes
configure:2360: checking for arm-none-linux-gnueabi-strip
configure:2376: found /root/CodeSourcery/Sourcery_G++_Lite/bin/arm-none-linux-gnueabi-strip
configure:2387: result: arm-none-linux-gnueabi-strip
configure:2452: checking for a thread-safe mkdir -p
configure:2491: result: /bin/mkdir -p
configure:2504: checking for gawk
configure:2520: found /usr/bin/gawk
configure:2531: result: gawk
configure:2542: checking whether make sets $(MAKE)
configure:2564: result: yes
configure:2648: checking for arm-none-linux-gnueabi-gcc
configure:2664: found /root/CodeSourcery/Sourcery_G++_Lite/bin/arm-none-linux-gnueabi-gcc
configure:2675: result: arm-none-linux-gnueabi-gcc
configure:2944: checking for C compiler version
configure:2953: arm-none-linux-gnueabi-gcc --version >&5
arm-none-linux-gnueabi-gcc (Sourcery G++ Lite 2009q1-203) 4.3.3
Copyright (C) 2008 Free Software Foundation, Inc.
This is free software; see the source for copying conditions.  There is NO
warranty; not even for MERCHANTABILITY or FITNESS FOR A PARTICULAR PURPOSE.

configure:2964: $? = 0
configure:2953: arm-none-linux-gnueabi-gcc -v >&5
Using built-in specs.
Target: arm-none-linux-gnueabi
Configured with: /scratch/mitchell/builds/4.3-arm-none-linux-gnueabi-respin/src/gcc-4.3/configure --build=i686-pc-linux-gnu --host=i686-pc-linux-gnu --target=arm-none-linux-gnueabi --enable-threads --disable-libmudflap --disable-libssp --disable-libstdcxx-pch --with-gnu-as --with-gnu-ld --with-specs='%{funwind-tables|fno-unwind-tables|mabi=*|ffreestanding|nostdlib:;:-funwind-tables}' --enable-languages=c,c++ --enable-shared --enable-symvers=gnu --enable-__cxa_atexit --with-pkgversion='Sourcery G++ Lite 2009q1-203' --with-bugurl=https://support.codesourcery.com/GNUToolchain/ --disable-nls --prefix=/opt/codesourcery --with-sysroot=/opt/codesourcery/arm-none-linux-gnueabi/libc --with-build-sysroot=/scratch/mitchell/builds/4.3-arm-none-linux-gnueabi-respin/lite/install/arm-none-linux-gnueabi/libc --with-gmp=/scratch/mitchell/builds/4.3-arm-none-linux-gnueabi-respin/lite/obj/host-libs-2009q1-203-arm-none-linux-gnueabi-i686-pc-linux-gnu/usr --with-mpfr=/scratch/mitchell/builds/4.3-arm-none-linux-gnueabi-respin/lite/obj/host-libs-2009q1-203-arm-none-linux-gnueabi-i686-pc-linux-gnu/usr --disable-libgomp --enable-poison-system-directories --with-build-time-tools=/scratch/mitchell/builds/4.3-arm-none-linux-gnueabi-respin/lite/install/arm-none-linux-gnueabi/bin --with-build-time-tools=/scratch/mitchell/builds/4.3-arm-none-linux-gnueabi-respin/lite/install/arm-none-linux-gnueabi/bin
Thread model: posix
gcc version 4.3.3 (Sourcery G++ Lite 2009q1-203) 
configure:2964: $? = 0
configure:2953: arm-none-linux-gnueabi-gcc -V >&5
arm-none-linux-gnueabi-gcc: '-V' option must have argument
configure:2964: $? = 1
configure:2953: arm-none-linux-gnueabi-gcc -qversion >&5
arm-none-linux-gnueabi-gcc: unrecognized option '-qversion'
arm-none-linux-gnueabi-gcc: no input files
configure:2964: $? = 1
configure:2984: checking whether the C compiler works
configure:3006: arm-none-linux-gnueabi-gcc    conftest.c  >&5
configure:3010: $? = 0
configure:3059: result: yes
configure:3062: checking for C compiler default output file name
configure:3064: result: a.out
configure:3070: checking for suffix of executables
configure:3077: arm-none-linux-gnueabi-gcc -o conftest    conftest.c  >&5
configure:3081: $? = 0
configure:3103: result: 
configure:3125: checking whether we are cross compiling
configure:3133: arm-none-linux-gnueabi-gcc -o conftest    conftest.c  >&5
configure:3137: $? = 0
configure:3144: ./conftest
./configure: line 3146: ./conftest: cannot execute binary file
configure:3148: $? = 126
configure:3163: result: yes
configure:3168: checking for suffix of object files
configure:3190: arm-none-linux-gnueabi-gcc -c   conftest.c >&5
configure:3194: $? = 0
configure:3215: result: o
configure:3219: checking whether we are using the GNU C compiler
configure:3238: arm-none-linux-gnueabi-gcc -c   conftest.c >&5
configure:3238: $? = 0
configure:3247: result: yes
configure:3256: checking whether arm-none-linux-gnueabi-gcc accepts -g
configure:3276: arm-none-linux-gnueabi-gcc -c -g  conftest.c >&5
configure:3276: $? = 0
configure:3317: result: yes
configure:3334: checking for arm-none-linux-gnueabi-gcc option to accept ISO C89
configure:3398: arm-none-linux-gnueabi-gcc  -c -g -O2  conftest.c >&5
configure:3398: $? = 0
configure:3411: result: none needed
configure:3442: checking for style of include used by make
configure:3470: result: GNU
configure:3495: checking dependency style of arm-none-linux-gnueabi-gcc
configure:3605: result: gcc3
configure:3634: checking for arm-none-linux-gnueabi-g++
configure:3650: found /root/CodeSourcery/Sourcery_G++_Lite/bin/arm-none-linux-gnueabi-g++
configure:3661: result: arm-none-linux-gnueabi-g++
configure:3732: checking for C++ compiler version
configure:3741: arm-none-linux-gnueabi-g++ --version >&5
arm-none-linux-gnueabi-g++ (Sourcery G++ Lite 2009q1-203) 4.3.3
Copyright (C) 2008 Free Software Foundation, Inc.
This is free software; see the source for copying conditions.  There is NO
warranty; not even for MERCHANTABILITY or FITNESS FOR A PARTICULAR PURPOSE.

configure:3752: $? = 0
configure:3741: arm-none-linux-gnueabi-g++ -v >&5
Using built-in specs.
Target: arm-none-linux-gnueabi
Configured with: /scratch/mitchell/builds/4.3-arm-none-linux-gnueabi-respin/src/gcc-4.3/configure --build=i686-pc-linux-gnu --host=i686-pc-linux-gnu --target=arm-none-linux-gnueabi --enable-threads --disable-libmudflap --disable-libssp --disable-libstdcxx-pch --with-gnu-as --with-gnu-ld --with-specs='%{funwind-tables|fno-unwind-tables|mabi=*|ffreestanding|nostdlib:;:-funwind-tables}' --enable-languages=c,c++ --enable-shared --enable-symvers=gnu --enable-__cxa_atexit --with-pkgversion='Sourcery G++ Lite 2009q1-203' --with-bugurl=https://support.codesourcery.com/GNUToolchain/ --disable-nls --prefix=/opt/codesourcery --with-sysroot=/opt/codesourcery/arm-none-linux-gnueabi/libc --with-build-sysroot=/scratch/mitchell/builds/4.3-arm-none-linux-gnueabi-respin/lite/install/arm-none-linux-gnueabi/libc --with-gmp=/scratch/mitchell/builds/4.3-arm-none-linux-gnueabi-respin/lite/obj/host-libs-2009q1-203-arm-none-linux-gnueabi-i686-pc-linux-gnu/usr --with-mpfr=/scratch/mitchell/builds/4.3-arm-none-linux-gnueabi-respin/lite/obj/host-libs-2009q1-203-arm-none-linux-gnueabi-i686-pc-linux-gnu/usr --disable-libgomp --enable-poison-system-directories --with-build-time-tools=/scratch/mitchell/builds/4.3-arm-none-linux-gnueabi-respin/lite/install/arm-none-linux-gnueabi/bin --with-build-time-tools=/scratch/mitchell/builds/4.3-arm-none-linux-gnueabi-respin/lite/install/arm-none-linux-gnueabi/bin
Thread model: posix
gcc version 4.3.3 (Sourcery G++ Lite 2009q1-203) 
configure:3752: $? = 0
configure:3741: arm-none-linux-gnueabi-g++ -V >&5
arm-none-linux-gnueabi-g++: '-V' option must have argument
configure:3752: $? = 1
configure:3741: arm-none-linux-gnueabi-g++ -qversion >&5
arm-none-linux-gnueabi-g++: unrecognized option '-qversion'
arm-none-linux-gnueabi-g++: no input files
configure:3752: $? = 1
configure:3756: checking whether we are using the GNU C++ compiler
configure:3775: arm-none-linux-gnueabi-g++ -c   conftest.cpp >&5
configure:3775: $? = 0
configure:3784: result: yes
configure:3793: checking whether arm-none-linux-gnueabi-g++ accepts -g
configure:3813: arm-none-linux-gnueabi-g++ -c -g  conftest.cpp >&5
configure:3813: $? = 0
configure:3854: result: yes
configure:3879: checking dependency style of arm-none-linux-gnueabi-g++
configure:3989: result: gcc3
configure:4007: checking for main in -lpthread
configure:4026: arm-none-linux-gnueabi-gcc -o conftest -g -O2   conftest.c -lpthread   >&5
configure:4026: $? = 0
configure:4035: result: yes
configure:4052: checking how to run the C preprocessor
configure:4083: arm-none-linux-gnueabi-gcc -E  conftest.c
configure:4083: $? = 0
configure:4097: arm-none-linux-gnueabi-gcc -E  conftest.c
conftest.c:10:28: error: ac_nonexistent.h: No such file or directory
configure:4097: $? = 1
configure: failed program was:
| /* confdefs.h */
| #define PACKAGE_NAME "POLICE_work"
| #define PACKAGE_TARNAME "police_work"
| #define PACKAGE_VERSION "1.0"
| #define PACKAGE_STRING "POLICE_work 1.0"
| #define PACKAGE_BUGREPORT "liangzhang@xidian.edu.cn"
| #define PACKAGE_URL ""
| #define HAVE_LIBPTHREAD 1
| /* end confdefs.h.  */
| #include <ac_nonexistent.h>
configure:4122: result: arm-none-linux-gnueabi-gcc -E
configure:4142: arm-none-linux-gnueabi-gcc -E  conftest.c
configure:4142: $? = 0
configure:4156: arm-none-linux-gnueabi-gcc -E  conftest.c
conftest.c:10:28: error: ac_nonexistent.h: No such file or directory
configure:4156: $? = 1
configure: failed program was:
| /* confdefs.h */
| #define PACKAGE_NAME "POLICE_work"
| #define PACKAGE_TARNAME "police_work"
| #define PACKAGE_VERSION "1.0"
| #define PACKAGE_STRING "POLICE_work 1.0"
| #define PACKAGE_BUGREPORT "liangzhang@xidian.edu.cn"
| #define PACKAGE_URL ""
| #define HAVE_LIBPTHREAD 1
| /* end confdefs.h.  */
| #include <ac_nonexistent.h>
configure:4185: checking for grep that handles long lines and -e
configure:4243: result: /bin/grep
configure:4248: checking for egrep
configure:4310: result: /bin/grep -E
configure:4315: checking for ANSI C header files
configure:4335: arm-none-linux-gnueabi-gcc -c -g -O2  conftest.c >&5
configure:4335: $? = 0
configure:4419: result: yes
configure:4432: checking for sys/types.h
configure:4432: arm-none-linux-gnueabi-gcc -c -g -O2  conftest.c >&5
configure:4432: $? = 0
configure:4432: result: yes
configure:4432: checking for sys/stat.h
configure:4432: arm-none-linux-gnueabi-gcc -c -g -O2  conftest.c >&5
configure:4432: $? = 0
configure:4432: result: yes
configure:4432: checking for stdlib.h
configure:4432: arm-none-linux-gnueabi-gcc -c -g -O2  conftest.c >&5
configure:4432: $? = 0
configure:4432: result: yes
configure:4432: checking for string.h
configure:4432: arm-none-linux-gnueabi-gcc -c -g -O2  conftest.c >&5
configure:4432: $? = 0
configure:4432: result: yes
configure:4432: checking for memory.h
configure:4432: arm-none-linux-gnueabi-gcc -c -g -O2  conftest.c >&5
configure:4432: $? = 0
configure:4432: result: yes
configure:4432: checking for strings.h
configure:4432: arm-none-linux-gnueabi-gcc -c -g -O2  conftest.c >&5
configure:4432: $? = 0
configure:4432: result: yes
configure:4432: checking for inttypes.h
configure:4432: arm-none-linux-gnueabi-gcc -c -g -O2  conftest.c >&5
configure:4432: $? = 0
configure:4432: result: yes
configure:4432: checking for stdint.h
configure:4432: arm-none-linux-gnueabi-gcc -c -g -O2  conftest.c >&5
configure:4432: $? = 0
configure:4432: result: yes
configure:4432: checking for unistd.h
configure:4432: arm-none-linux-gnueabi-gcc -c -g -O2  conftest.c >&5
configure:4432: $? = 0
configure:4432: result: yes
configure:4445: checking for stdbool.h that conforms to C99
configure:4530: arm-none-linux-gnueabi-gcc -c -g -O2  conftest.c >&5
configure:4530: $? = 0
configure:4537: result: yes
configure:4539: checking for _Bool
configure:4539: arm-none-linux-gnueabi-gcc -c -g -O2  conftest.c >&5
configure:4539: $? = 0
configure:4539: arm-none-linux-gnueabi-gcc -c -g -O2  conftest.c >&5
conftest.c: In function 'main':
conftest.c:56: error: expected expression before ')' token
configure:4539: $? = 1
configure: failed program was:
| /* confdefs.h */
| #define PACKAGE_NAME "POLICE_work"
| #define PACKAGE_TARNAME "police_work"
| #define PACKAGE_VERSION "1.0"
| #define PACKAGE_STRING "POLICE_work 1.0"
| #define PACKAGE_BUGREPORT "liangzhang@xidian.edu.cn"
| #define PACKAGE_URL ""
| #define HAVE_LIBPTHREAD 1
| #define STDC_HEADERS 1
| #define HAVE_SYS_TYPES_H 1
| #define HAVE_SYS_STAT_H 1
| #define HAVE_STDLIB_H 1
| #define HAVE_STRING_H 1
| #define HAVE_MEMORY_H 1
| #define HAVE_STRINGS_H 1
| #define HAVE_INTTYPES_H 1
| #define HAVE_STDINT_H 1
| #define HAVE_UNISTD_H 1
| /* end confdefs.h.  */
| #include <stdio.h>
| #ifdef HAVE_SYS_TYPES_H
| # include <sys/types.h>
| #endif
| #ifdef HAVE_SYS_STAT_H
| # include <sys/stat.h>
| #endif
| #ifdef STDC_HEADERS
| # include <stdlib.h>
| # include <stddef.h>
| #else
| # ifdef HAVE_STDLIB_H
| #  include <stdlib.h>
| # endif
| #endif
| #ifdef HAVE_STRING_H
| # if !defined STDC_HEADERS && defined HAVE_MEMORY_H
| #  include <memory.h>
| # endif
| # include <string.h>
| #endif
| #ifdef HAVE_STRINGS_H
| # include <strings.h>
| #endif
| #ifdef HAVE_INTTYPES_H
| # include <inttypes.h>
| #endif
| #ifdef HAVE_STDINT_H
| # include <stdint.h>
| #endif
| #ifdef HAVE_UNISTD_H
| # include <unistd.h>
| #endif
| int
| main ()
| {
| if (sizeof ((_Bool)))
| 	    return 0;
|   ;
|   return 0;
| }
configure:4539: result: yes
configure:4556: checking for inline
configure:4572: arm-none-linux-gnueabi-gcc -c -g -O2  conftest.c >&5
configure:4572: $? = 0
configure:4580: result: inline
configure:4599: checking for size_t
configure:4599: arm-none-linux-gnueabi-gcc -c -g -O2  conftest.c >&5
configure:4599: $? = 0
configure:4599: arm-none-linux-gnueabi-gcc -c -g -O2  conftest.c >&5
conftest.c: In function 'main':
conftest.c:58: error: expected expression before ')' token
configure:4599: $? = 1
configure: failed program was:
| /* confdefs.h */
| #define PACKAGE_NAME "POLICE_work"
| #define PACKAGE_TARNAME "police_work"
| #define PACKAGE_VERSION "1.0"
| #define PACKAGE_STRING "POLICE_work 1.0"
| #define PACKAGE_BUGREPORT "liangzhang@xidian.edu.cn"
| #define PACKAGE_URL ""
| #define HAVE_LIBPTHREAD 1
| #define STDC_HEADERS 1
| #define HAVE_SYS_TYPES_H 1
| #define HAVE_SYS_STAT_H 1
| #define HAVE_STDLIB_H 1
| #define HAVE_STRING_H 1
| #define HAVE_MEMORY_H 1
| #define HAVE_STRINGS_H 1
| #define HAVE_INTTYPES_H 1
| #define HAVE_STDINT_H 1
| #define HAVE_UNISTD_H 1
| #define HAVE__BOOL 1
| #define HAVE_STDBOOL_H 1
| /* end confdefs.h.  */
| #include <stdio.h>
| #ifdef HAVE_SYS_TYPES_H
| # include <sys/types.h>
| #endif
| #ifdef HAVE_SYS_STAT_H
| # include <sys/stat.h>
| #endif
| #ifdef STDC_HEADERS
| # include <stdlib.h>
| # include <stddef.h>
| #else
| # ifdef HAVE_STDLIB_H
| #  include <stdlib.h>
| # endif
| #endif
| #ifdef HAVE_STRING_H
| # if !defined STDC_HEADERS && defined HAVE_MEMORY_H
| #  include <memory.h>
| # endif
| # include <string.h>
| #endif
| #ifdef HAVE_STRINGS_H
| # include <strings.h>
| #endif
| #ifdef HAVE_INTTYPES_H
| # include <inttypes.h>
| #endif
| #ifdef HAVE_STDINT_H
| # include <stdint.h>
| #endif
| #ifdef HAVE_UNISTD_H
| # include <unistd.h>
| #endif
| int
| main ()
| {
| if (sizeof ((size_t)))
| 	    return 0;
|   ;
|   return 0;
| }
configure:4599: result: yes
configure:4615: checking X usability
configure:4615: arm-none-linux-gnueabi-gcc -c -g -O2  conftest.c >&5
conftest.c:55:13: error: X: No such file or directory
configure:4615: $? = 1
configure: failed program was:
| /* confdefs.h */
| #define PACKAGE_NAME "POLICE_work"
| #define PACKAGE_TARNAME "police_work"
| #define PACKAGE_VERSION "1.0"
| #define PACKAGE_STRING "POLICE_work 1.0"
| #define PACKAGE_BUGREPORT "liangzhang@xidian.edu.cn"
| #define PACKAGE_URL ""
| #define HAVE_LIBPTHREAD 1
| #define STDC_HEADERS 1
| #define HAVE_SYS_TYPES_H 1
| #define HAVE_SYS_STAT_H 1
| #define HAVE_STDLIB_H 1
| #define HAVE_STRING_H 1
| #define HAVE_MEMORY_H 1
| #define HAVE_STRINGS_H 1
| #define HAVE_INTTYPES_H 1
| #define HAVE_STDINT_H 1
| #define HAVE_UNISTD_H 1
| #define HAVE__BOOL 1
| #define HAVE_STDBOOL_H 1
| /* end confdefs.h.  */
| #include <stdio.h>
| #ifdef HAVE_SYS_TYPES_H
| # include <sys/types.h>
| #endif
| #ifdef HAVE_SYS_STAT_H
| # include <sys/stat.h>
| #endif
| #ifdef STDC_HEADERS
| # include <stdlib.h>
| # include <stddef.h>
| #else
| # ifdef HAVE_STDLIB_H
| #  include <stdlib.h>
| # endif
| #endif
| #ifdef HAVE_STRING_H
| # if !defined STDC_HEADERS && defined HAVE_MEMORY_H
| #  include <memory.h>
| # endif
| # include <string.h>
| #endif
| #ifdef HAVE_STRINGS_H
| # include <strings.h>
| #endif
| #ifdef HAVE_INTTYPES_H
| # include <inttypes.h>
| #endif
| #ifdef HAVE_STDINT_H
| # include <stdint.h>
| #endif
| #ifdef HAVE_UNISTD_H
| # include <unistd.h>
| #endif
| #include <X>
configure:4615: result: no
configure:4615: checking X presence
configure:4615: arm-none-linux-gnueabi-gcc -E  conftest.c
conftest.c:22:13: error: X: No such file or directory
configure:4615: $? = 1
configure: failed program was:
| /* confdefs.h */
| #define PACKAGE_NAME "POLICE_work"
| #define PACKAGE_TARNAME "police_work"
| #define PACKAGE_VERSION "1.0"
| #define PACKAGE_STRING "POLICE_work 1.0"
| #define PACKAGE_BUGREPORT "liangzhang@xidian.edu.cn"
| #define PACKAGE_URL ""
| #define HAVE_LIBPTHREAD 1
| #define STDC_HEADERS 1
| #define HAVE_SYS_TYPES_H 1
| #define HAVE_SYS_STAT_H 1
| #define HAVE_STDLIB_H 1
| #define HAVE_STRING_H 1
| #define HAVE_MEMORY_H 1
| #define HAVE_STRINGS_H 1
| #define HAVE_INTTYPES_H 1
| #define HAVE_STDINT_H 1
| #define HAVE_UNISTD_H 1
| #define HAVE__BOOL 1
| #define HAVE_STDBOOL_H 1
| /* end confdefs.h.  */
| #include <X>
configure:4615: result: no
configure:4615: checking for X
configure:4615: result: no
configure:4615: checking $CXX usability
configure:4615: arm-none-linux-gnueabi-gcc -c -g -O2  conftest.c >&5
conftest.c:55:16: error: $CXX: No such file or directory
configure:4615: $? = 1
configure: failed program was:
| /* confdefs.h */
| #define PACKAGE_NAME "POLICE_work"
| #define PACKAGE_TARNAME "police_work"
| #define PACKAGE_VERSION "1.0"
| #define PACKAGE_STRING "POLICE_work 1.0"
| #define PACKAGE_BUGREPORT "liangzhang@xidian.edu.cn"
| #define PACKAGE_URL ""
| #define HAVE_LIBPTHREAD 1
| #define STDC_HEADERS 1
| #define HAVE_SYS_TYPES_H 1
| #define HAVE_SYS_STAT_H 1
| #define HAVE_STDLIB_H 1
| #define HAVE_STRING_H 1
| #define HAVE_MEMORY_H 1
| #define HAVE_STRINGS_H 1
| #define HAVE_INTTYPES_H 1
| #define HAVE_STDINT_H 1
| #define HAVE_UNISTD_H 1
| #define HAVE__BOOL 1
| #define HAVE_STDBOOL_H 1
| /* end confdefs.h.  */
| #include <stdio.h>
| #ifdef HAVE_SYS_TYPES_H
| # include <sys/types.h>
| #endif
| #ifdef HAVE_SYS_STAT_H
| # include <sys/stat.h>
| #endif
| #ifdef STDC_HEADERS
| # include <stdlib.h>
| # include <stddef.h>
| #else
| # ifdef HAVE_STDLIB_H
| #  include <stdlib.h>
| # endif
| #endif
| #ifdef HAVE_STRING_H
| # if !defined STDC_HEADERS && defined HAVE_MEMORY_H
| #  include <memory.h>
| # endif
| # include <string.h>
| #endif
| #ifdef HAVE_STRINGS_H
| # include <strings.h>
| #endif
| #ifdef HAVE_INTTYPES_H
| # include <inttypes.h>
| #endif
| #ifdef HAVE_STDINT_H
| # include <stdint.h>
| #endif
| #ifdef HAVE_UNISTD_H
| # include <unistd.h>
| #endif
| #include <$CXX>
configure:4615: result: no
configure:4615: checking $CXX presence
configure:4615: arm-none-linux-gnueabi-gcc -E  conftest.c
conftest.c:22:16: error: $CXX: No such file or directory
configure:4615: $? = 1
configure: failed program was:
| /* confdefs.h */
| #define PACKAGE_NAME "POLICE_work"
| #define PACKAGE_TARNAME "police_work"
| #define PACKAGE_VERSION "1.0"
| #define PACKAGE_STRING "POLICE_work 1.0"
| #define PACKAGE_BUGREPORT "liangzhang@xidian.edu.cn"
| #define PACKAGE_URL ""
| #define HAVE_LIBPTHREAD 1
| #define STDC_HEADERS 1
| #define HAVE_SYS_TYPES_H 1
| #define HAVE_SYS_STAT_H 1
| #define HAVE_STDLIB_H 1
| #define HAVE_STRING_H 1
| #define HAVE_MEMORY_H 1
| #define HAVE_STRINGS_H 1
| #define HAVE_INTTYPES_H 1
| #define HAVE_STDINT_H 1
| #define HAVE_UNISTD_H 1
| #define HAVE__BOOL 1
| #define HAVE_STDBOOL_H 1
| /* end confdefs.h.  */
| #include <$CXX>
configure:4615: result: no
configure:4615: checking for $CXX
configure:4615: result: no
configure:4615: checking -c usability
configure:4615: arm-none-linux-gnueabi-gcc -c -g -O2  conftest.c >&5
conftest.c:55:14: error: -c: No such file or directory
configure:4615: $? = 1
configure: failed program was:
| /* confdefs.h */
| #define PACKAGE_NAME "POLICE_work"
| #define PACKAGE_TARNAME "police_work"
| #define PACKAGE_VERSION "1.0"
| #define PACKAGE_STRING "POLICE_work 1.0"
| #define PACKAGE_BUGREPORT "liangzhang@xidian.edu.cn"
| #define PACKAGE_URL ""
| #define HAVE_LIBPTHREAD 1
| #define STDC_HEADERS 1
| #define HAVE_SYS_TYPES_H 1
| #define HAVE_SYS_STAT_H 1
| #define HAVE_STDLIB_H 1
| #define HAVE_STRING_H 1
| #define HAVE_MEMORY_H 1
| #define HAVE_STRINGS_H 1
| #define HAVE_INTTYPES_H 1
| #define HAVE_STDINT_H 1
| #define HAVE_UNISTD_H 1
| #define HAVE__BOOL 1
| #define HAVE_STDBOOL_H 1
| /* end confdefs.h.  */
| #include <stdio.h>
| #ifdef HAVE_SYS_TYPES_H
| # include <sys/types.h>
| #endif
| #ifdef HAVE_SYS_STAT_H
| # include <sys/stat.h>
| #endif
| #ifdef STDC_HEADERS
| # include <stdlib.h>
| # include <stddef.h>
| #else
| # ifdef HAVE_STDLIB_H
| #  include <stdlib.h>
| # endif
| #endif
| #ifdef HAVE_STRING_H
| # if !defined STDC_HEADERS && defined HAVE_MEMORY_H
| #  include <memory.h>
| # endif
| # include <string.h>
| #endif
| #ifdef HAVE_STRINGS_H
| # include <strings.h>
| #endif
| #ifdef HAVE_INTTYPES_H
| # include <inttypes.h>
| #endif
| #ifdef HAVE_STDINT_H
| # include <stdint.h>
| #endif
| #ifdef HAVE_UNISTD_H
| # include <unistd.h>
| #endif
| #include <-c>
configure:4615: result: no
configure:4615: checking -c presence
configure:4615: arm-none-linux-gnueabi-gcc -E  conftest.c
conftest.c:22:14: error: -c: No such file or directory
configure:4615: $? = 1
configure: failed program was:
| /* confdefs.h */
| #define PACKAGE_NAME "POLICE_work"
| #define PACKAGE_TARNAME "police_work"
| #define PACKAGE_VERSION "1.0"
| #define PACKAGE_STRING "POLICE_work 1.0"
| #define PACKAGE_BUGREPORT "liangzhang@xidian.edu.cn"
| #define PACKAGE_URL ""
| #define HAVE_LIBPTHREAD 1
| #define STDC_HEADERS 1
| #define HAVE_SYS_TYPES_H 1
| #define HAVE_SYS_STAT_H 1
| #define HAVE_STDLIB_H 1
| #define HAVE_STRING_H 1
| #define HAVE_MEMORY_H 1
| #define HAVE_STRINGS_H 1
| #define HAVE_INTTYPES_H 1
| #define HAVE_STDINT_H 1
| #define HAVE_UNISTD_H 1
| #define HAVE__BOOL 1
| #define HAVE_STDBOOL_H 1
| /* end confdefs.h.  */
| #include <-c>
configure:4615: result: no
configure:4615: checking for -c
configure:4615: result: no
configure:4615: checking $CXXFLAGS usability
configure:4615: arm-none-linux-gnueabi-gcc -c -g -O2  conftest.c >&5
conftest.c:55:21: error: $CXXFLAGS: No such file or directory
configure:4615: $? = 1
configure: failed program was:
| /* confdefs.h */
| #define PACKAGE_NAME "POLICE_work"
| #define PACKAGE_TARNAME "police_work"
| #define PACKAGE_VERSION "1.0"
| #define PACKAGE_STRING "POLICE_work 1.0"
| #define PACKAGE_BUGREPORT "liangzhang@xidian.edu.cn"
| #define PACKAGE_URL ""
| #define HAVE_LIBPTHREAD 1
| #define STDC_HEADERS 1
| #define HAVE_SYS_TYPES_H 1
| #define HAVE_SYS_STAT_H 1
| #define HAVE_STDLIB_H 1
| #define HAVE_STRING_H 1
| #define HAVE_MEMORY_H 1
| #define HAVE_STRINGS_H 1
| #define HAVE_INTTYPES_H 1
| #define HAVE_STDINT_H 1
| #define HAVE_UNISTD_H 1
| #define HAVE__BOOL 1
| #define HAVE_STDBOOL_H 1
| /* end confdefs.h.  */
| #include <stdio.h>
| #ifdef HAVE_SYS_TYPES_H
| # include <sys/types.h>
| #endif
| #ifdef HAVE_SYS_STAT_H
| # include <sys/stat.h>
| #endif
| #ifdef STDC_HEADERS
| # include <stdlib.h>
| # include <stddef.h>
| #else
| # ifdef HAVE_STDLIB_H
| #  include <stdlib.h>
| # endif
| #endif
| #ifdef HAVE_STRING_H
| # if !defined STDC_HEADERS && defined HAVE_MEMORY_H
| #  include <memory.h>
| # endif
| # include <string.h>
| #endif
| #ifdef HAVE_STRINGS_H
| # include <strings.h>
| #endif
| #ifdef HAVE_INTTYPES_H
| # include <inttypes.h>
| #endif
| #ifdef HAVE_STDINT_H
| # include <stdint.h>
| #endif
| #ifdef HAVE_UNISTD_H
| # include <unistd.h>
| #endif
| #include <$CXXFLAGS>
configure:4615: result: no
configure:4615: checking $CXXFLAGS presence
configure:4615: arm-none-linux-gnueabi-gcc -E  conftest.c
conftest.c:22:21: error: $CXXFLAGS: No such file or directory
configure:4615: $? = 1
configure: failed program was:
| /* confdefs.h */
| #define PACKAGE_NAME "POLICE_work"
| #define PACKAGE_TARNAME "police_work"
| #define PACKAGE_VERSION "1.0"
| #define PACKAGE_STRING "POLICE_work 1.0"
| #define PACKAGE_BUGREPORT "liangzhang@xidian.edu.cn"
| #define PACKAGE_URL ""
| #define HAVE_LIBPTHREAD 1
| #define STDC_HEADERS 1
| #define HAVE_SYS_TYPES_H 1
| #define HAVE_SYS_STAT_H 1
| #define HAVE_STDLIB_H 1
| #define HAVE_STRING_H 1
| #define HAVE_MEMORY_H 1
| #define HAVE_STRINGS_H 1
| #define HAVE_INTTYPES_H 1
| #define HAVE_STDINT_H 1
| #define HAVE_UNISTD_H 1
| #define HAVE__BOOL 1
| #define HAVE_STDBOOL_H 1
| /* end confdefs.h.  */
| #include <$CXXFLAGS>
configure:4615: result: no
configure:4615: checking for $CXXFLAGS
configure:4615: result: no
configure:4615: checking $CPPFLAGS usability
configure:4615: arm-none-linux-gnueabi-gcc -c -g -O2  conftest.c >&5
conftest.c:55:21: error: $CPPFLAGS: No such file or directory
configure:4615: $? = 1
configure: failed program was:
| /* confdefs.h */
| #define PACKAGE_NAME "POLICE_work"
| #define PACKAGE_TARNAME "police_work"
| #define PACKAGE_VERSION "1.0"
| #define PACKAGE_STRING "POLICE_work 1.0"
| #define PACKAGE_BUGREPORT "liangzhang@xidian.edu.cn"
| #define PACKAGE_URL ""
| #define HAVE_LIBPTHREAD 1
| #define STDC_HEADERS 1
| #define HAVE_SYS_TYPES_H 1
| #define HAVE_SYS_STAT_H 1
| #define HAVE_STDLIB_H 1
| #define HAVE_STRING_H 1
| #define HAVE_MEMORY_H 1
| #define HAVE_STRINGS_H 1
| #define HAVE_INTTYPES_H 1
| #define HAVE_STDINT_H 1
| #define HAVE_UNISTD_H 1
| #define HAVE__BOOL 1
| #define HAVE_STDBOOL_H 1
| /* end confdefs.h.  */
| #include <stdio.h>
| #ifdef HAVE_SYS_TYPES_H
| # include <sys/types.h>
| #endif
| #ifdef HAVE_SYS_STAT_H
| # include <sys/stat.h>
| #endif
| #ifdef STDC_HEADERS
| # include <stdlib.h>
| # include <stddef.h>
| #else
| # ifdef HAVE_STDLIB_H
| #  include <stdlib.h>
| # endif
| #endif
| #ifdef HAVE_STRING_H
| # if !defined STDC_HEADERS && defined HAVE_MEMORY_H
| #  include <memory.h>
| # endif
| # include <string.h>
| #endif
| #ifdef HAVE_STRINGS_H
| # include <strings.h>
| #endif
| #ifdef HAVE_INTTYPES_H
| # include <inttypes.h>
| #endif
| #ifdef HAVE_STDINT_H
| # include <stdint.h>
| #endif
| #ifdef HAVE_UNISTD_H
| # include <unistd.h>
| #endif
| #include <$CPPFLAGS>
configure:4615: result: no
configure:4615: checking $CPPFLAGS presence
configure:4615: arm-none-linux-gnueabi-gcc -E  conftest.c
conftest.c:22:21: error: $CPPFLAGS: No such file or directory
configure:4615: $? = 1
configure: failed program was:
| /* confdefs.h */
| #define PACKAGE_NAME "POLICE_work"
| #define PACKAGE_TARNAME "police_work"
| #define PACKAGE_VERSION "1.0"
| #define PACKAGE_STRING "POLICE_work 1.0"
| #define PACKAGE_BUGREPORT "liangzhang@xidian.edu.cn"
| #define PACKAGE_URL ""
| #define HAVE_LIBPTHREAD 1
| #define STDC_HEADERS 1
| #define HAVE_SYS_TYPES_H 1
| #define HAVE_SYS_STAT_H 1
| #define HAVE_STDLIB_H 1
| #define HAVE_STRING_H 1
| #define HAVE_MEMORY_H 1
| #define HAVE_STRINGS_H 1
| #define HAVE_INTTYPES_H 1
| #define HAVE_STDINT_H 1
| #define HAVE_UNISTD_H 1
| #define HAVE__BOOL 1
| #define HAVE_STDBOOL_H 1
| /* end confdefs.h.  */
| #include <$CPPFLAGS>
configure:4615: result: no
configure:4615: checking for $CPPFLAGS
configure:4615: result: no
configure:4615: checking conftest.$ac_ext usability
configure:4615: arm-none-linux-gnueabi-gcc -c -g -O2  conftest.c >&5
conftest.c:55:28: error: conftest.$ac_ext: No such file or directory
configure:4615: $? = 1
configure: failed program was:
| /* confdefs.h */
| #define PACKAGE_NAME "POLICE_work"
| #define PACKAGE_TARNAME "police_work"
| #define PACKAGE_VERSION "1.0"
| #define PACKAGE_STRING "POLICE_work 1.0"
| #define PACKAGE_BUGREPORT "liangzhang@xidian.edu.cn"
| #define PACKAGE_URL ""
| #define HAVE_LIBPTHREAD 1
| #define STDC_HEADERS 1
| #define HAVE_SYS_TYPES_H 1
| #define HAVE_SYS_STAT_H 1
| #define HAVE_STDLIB_H 1
| #define HAVE_STRING_H 1
| #define HAVE_MEMORY_H 1
| #define HAVE_STRINGS_H 1
| #define HAVE_INTTYPES_H 1
| #define HAVE_STDINT_H 1
| #define HAVE_UNISTD_H 1
| #define HAVE__BOOL 1
| #define HAVE_STDBOOL_H 1
| /* end confdefs.h.  */
| #include <stdio.h>
| #ifdef HAVE_SYS_TYPES_H
| # include <sys/types.h>
| #endif
| #ifdef HAVE_SYS_STAT_H
| # include <sys/stat.h>
| #endif
| #ifdef STDC_HEADERS
| # include <stdlib.h>
| # include <stddef.h>
| #else
| # ifdef HAVE_STDLIB_H
| #  include <stdlib.h>
| # endif
| #endif
| #ifdef HAVE_STRING_H
| # if !defined STDC_HEADERS && defined HAVE_MEMORY_H
| #  include <memory.h>
| # endif
| # include <string.h>
| #endif
| #ifdef HAVE_STRINGS_H
| # include <strings.h>
| #endif
| #ifdef HAVE_INTTYPES_H
| # include <inttypes.h>
| #endif
| #ifdef HAVE_STDINT_H
| # include <stdint.h>
| #endif
| #ifdef HAVE_UNISTD_H
| # include <unistd.h>
| #endif
| #include <conftest.$ac_ext>
configure:4615: result: no
configure:4615: checking conftest.$ac_ext presence
configure:4615: arm-none-linux-gnueabi-gcc -E  conftest.c
conftest.c:22:28: error: conftest.$ac_ext: No such file or directory
configure:4615: $? = 1
configure: failed program was:
| /* confdefs.h */
| #define PACKAGE_NAME "POLICE_work"
| #define PACKAGE_TARNAME "police_work"
| #define PACKAGE_VERSION "1.0"
| #define PACKAGE_STRING "POLICE_work 1.0"
| #define PACKAGE_BUGREPORT "liangzhang@xidian.edu.cn"
| #define PACKAGE_URL ""
| #define HAVE_LIBPTHREAD 1
| #define STDC_HEADERS 1
| #define HAVE_SYS_TYPES_H 1
| #define HAVE_SYS_STAT_H 1
| #define HAVE_STDLIB_H 1
| #define HAVE_STRING_H 1
| #define HAVE_MEMORY_H 1
| #define HAVE_STRINGS_H 1
| #define HAVE_INTTYPES_H 1
| #define HAVE_STDINT_H 1
| #define HAVE_UNISTD_H 1
| #define HAVE__BOOL 1
| #define HAVE_STDBOOL_H 1
| /* end confdefs.h.  */
| #include <conftest.$ac_ext>
configure:4615: result: no
configure:4615: checking for conftest.$ac_ext
configure:4615: result: no
configure:4615: checking >&5 usability
configure:4615: arm-none-linux-gnueabi-gcc -c -g -O2  conftest.c >&5
conftest.c:55:12: warning: extra tokens at end of #include directive
conftest.c:55:12: error: empty filename in #include
configure:4615: $? = 1
configure: failed program was:
| /* confdefs.h */
| #define PACKAGE_NAME "POLICE_work"
| #define PACKAGE_TARNAME "police_work"
| #define PACKAGE_VERSION "1.0"
| #define PACKAGE_STRING "POLICE_work 1.0"
| #define PACKAGE_BUGREPORT "liangzhang@xidian.edu.cn"
| #define PACKAGE_URL ""
| #define HAVE_LIBPTHREAD 1
| #define STDC_HEADERS 1
| #define HAVE_SYS_TYPES_H 1
| #define HAVE_SYS_STAT_H 1
| #define HAVE_STDLIB_H 1
| #define HAVE_STRING_H 1
| #define HAVE_MEMORY_H 1
| #define HAVE_STRINGS_H 1
| #define HAVE_INTTYPES_H 1
| #define HAVE_STDINT_H 1
| #define HAVE_UNISTD_H 1
| #define HAVE__BOOL 1
| #define HAVE_STDBOOL_H 1
| /* end confdefs.h.  */
| #include <stdio.h>
| #ifdef HAVE_SYS_TYPES_H
| # include <sys/types.h>
| #endif
| #ifdef HAVE_SYS_STAT_H
| # include <sys/stat.h>
| #endif
| #ifdef STDC_HEADERS
| # include <stdlib.h>
| # include <stddef.h>
| #else
| # ifdef HAVE_STDLIB_H
| #  include <stdlib.h>
| # endif
| #endif
| #ifdef HAVE_STRING_H
| # if !defined STDC_HEADERS && defined HAVE_MEMORY_H
| #  include <memory.h>
| # endif
| # include <string.h>
| #endif
| #ifdef HAVE_STRINGS_H
| # include <strings.h>
| #endif
| #ifdef HAVE_INTTYPES_H
| # include <inttypes.h>
| #endif
| #ifdef HAVE_STDINT_H
| # include <stdint.h>
| #endif
| #ifdef HAVE_UNISTD_H
| # include <unistd.h>
| #endif
| #include <>&5>
configure:4615: result: no
configure:4615: checking >&5 presence
configure:4615: arm-none-linux-gnueabi-gcc -E  conftest.c
conftest.c:22:12: warning: extra tokens at end of #include directive
conftest.c:22:12: error: empty filename in #include
configure:4615: $? = 1
configure: failed program was:
| /* confdefs.h */
| #define PACKAGE_NAME "POLICE_work"
| #define PACKAGE_TARNAME "police_work"
| #define PACKAGE_VERSION "1.0"
| #define PACKAGE_STRING "POLICE_work 1.0"
| #define PACKAGE_BUGREPORT "liangzhang@xidian.edu.cn"
| #define PACKAGE_URL ""
| #define HAVE_LIBPTHREAD 1
| #define STDC_HEADERS 1
| #define HAVE_SYS_TYPES_H 1
| #define HAVE_SYS_STAT_H 1
| #define HAVE_STDLIB_H 1
| #define HAVE_STRING_H 1
| #define HAVE_MEMORY_H 1
| #define HAVE_STRINGS_H 1
| #define HAVE_INTTYPES_H 1
| #define HAVE_STDINT_H 1
| #define HAVE_UNISTD_H 1
| #define HAVE__BOOL 1
| #define HAVE_STDBOOL_H 1
| /* end confdefs.h.  */
| #include <>&5>
configure:4615: result: no
configure:4615: checking for >&5
configure:4615: result: no
configure:4630: checking for arm-none-linux-gnueabi-ranlib
configure:4646: found /root/CodeSourcery/Sourcery_G++_Lite/bin/arm-none-linux-gnueabi-ranlib
configure:4657: result: arm-none-linux-gnueabi-ranlib
configure:4845: creating ./config.status

## ---------------------- ##
## Running config.status. ##
## ---------------------- ##

This file was extended by POLICE_work config.status 1.0, which was
generated by GNU Autoconf 2.65.  Invocation command line was

  CONFIG_FILES    = 
  CONFIG_HEADERS  = 
  CONFIG_LINKS    = 
  CONFIG_COMMANDS = 
  $ ./config.status 

on ubuntu

config.status:875: creating Makefile
config.status:875: creating parameter/Makefile
config.status:875: creating include/Makefile
config.status:875: creating include/parameters/Makefile
config.status:875: creating include/intercmds/Makefile
config.status:875: creating lib/Makefile
config.status:875: creating test/Makefile
config.status:875: creating driver/Makefile
config.status:875: creating driver/gbshm/Makefile
config.status:875: creating driver/vsshm/Makefile
config.status:875: creating driver/gpmc/Makefile
config.status:875: creating src/Makefile
config.status:875: creating src/core_process/Makefile
config.status:875: creating src/storage/Makefile
config.status:875: creating src/client_pc/Makefile
config.status:875: creating src/misc_manager/Makefile
config.status:875: creating src/flash_manager/Makefile
config.status:875: creating src/serial_manage/Makefile
config.status:875: creating config.h
config.status:1047: config.h is unchanged
config.status:1095: executing depfiles commands

## ---------------- ##
## Cache variables. ##
## ---------------- ##

ac_cv_c_compiler_gnu=yes
ac_cv_c_inline=inline
ac_cv_cxx_compiler_gnu=yes
ac_cv_env_CCC_set=
ac_cv_env_CCC_value=
ac_cv_env_CC_set=
ac_cv_env_CC_value=
ac_cv_env_CFLAGS_set=
ac_cv_env_CFLAGS_value=
ac_cv_env_CPPFLAGS_set=
ac_cv_env_CPPFLAGS_value=
ac_cv_env_CPP_set=
ac_cv_env_CPP_value=
ac_cv_env_CXXFLAGS_set=
ac_cv_env_CXXFLAGS_value=
ac_cv_env_CXX_set=
ac_cv_env_CXX_value=
ac_cv_env_LDFLAGS_set=
ac_cv_env_LDFLAGS_value=
ac_cv_env_LIBS_set=
ac_cv_env_LIBS_value=
ac_cv_env_build_alias_set=
ac_cv_env_build_alias_value=
ac_cv_env_host_alias_set=set
ac_cv_env_host_alias_value=arm-none-linux-gnueabi
ac_cv_env_target_alias_set=
ac_cv_env_target_alias_value=
ac_cv_header_X=no
ac_cv_header__CPPFLAGS=no
ac_cv_header__CXX=no
ac_cv_header__CXXFLAGS=no
ac_cv_header___5=no
ac_cv_header__c=no
ac_cv_header_conftest__ac_ext=no
ac_cv_header_inttypes_h=yes
ac_cv_header_memory_h=yes
ac_cv_header_stdbool_h=yes
ac_cv_header_stdc=yes
ac_cv_header_stdint_h=yes
ac_cv_header_stdlib_h=yes
ac_cv_header_string_h=yes
ac_cv_header_strings_h=yes
ac_cv_header_sys_stat_h=yes
ac_cv_header_sys_types_h=yes
ac_cv_header_unistd_h=yes
ac_cv_lib_pthread_main=yes
ac_cv_objext=o
ac_cv_path_EGREP='/bin/grep -E'
ac_cv_path_GREP=/bin/grep
ac_cv_path_install='/usr/bin/install -c'
ac_cv_path_mkdir=/bin/mkdir
ac_cv_prog_AWK=gawk
ac_cv_prog_CC=arm-none-linux-gnueabi-gcc
ac_cv_prog_CPP='arm-none-linux-gnueabi-gcc -E'
ac_cv_prog_CXX=arm-none-linux-gnueabi-g++
ac_cv_prog_RANLIB=arm-none-linux-gnueabi-ranlib
ac_cv_prog_STRIP=arm-none-linux-gnueabi-strip
ac_cv_prog_cc_c89=
ac_cv_prog_cc_g=yes
ac_cv_prog_cxx_g=yes
ac_cv_prog_make_make_set=yes
ac_cv_type__Bool=yes
ac_cv_type_size_t=yes
am_cv_CC_dependencies_compiler_type=gcc3
am_cv_CXX_dependencies_compiler_type=gcc3

## ----------------- ##
## Output variables. ##
## ----------------- ##

ACLOCAL='${SHELL} /opt/sdb/framework_1209/missing --run aclocal-1.11'
AMDEPBACKSLASH='\'
AMDEP_FALSE='#'
AMDEP_TRUE=''
AMTAR='${SHELL} /opt/sdb/framework_1209/missing --run tar'
AUTOCONF='${SHELL} /opt/sdb/framework_1209/missing --run autoconf'
AUTOHEADER='${SHELL} /opt/sdb/framework_1209/missing --run autoheader'
AUTOMAKE='${SHELL} /opt/sdb/framework_1209/missing --run automake-1.11'
AWK='gawk'
CC='arm-none-linux-gnueabi-gcc'
CCDEPMODE='depmode=gcc3'
CFLAGS='-g -O2'
CPP='arm-none-linux-gnueabi-gcc -E'
CPPFLAGS=''
CXX='arm-none-linux-gnueabi-g++'
CXXDEPMODE='depmode=gcc3'
CXXFLAGS='-g -O2'
CYGPATH_W='echo'
DEFS='-DHAVE_CONFIG_H'
DEPDIR='.deps'
ECHO_C=''
ECHO_N='-n'
ECHO_T=''
EGREP='/bin/grep -E'
EXEEXT=''
GREP='/bin/grep'
INSTALL_DATA='${INSTALL} -m 644'
INSTALL_PROGRAM='${INSTALL}'
INSTALL_SCRIPT='${INSTALL}'
INSTALL_STRIP_PROGRAM='$(install_sh) -c -s'
LDFLAGS=''
LIBOBJS=''
LIBS='-lpthread '
LTLIBOBJS=''
MAKEINFO='${SHELL} /opt/sdb/framework_1209/missing --run makeinfo'
MKDIR_P='/bin/mkdir -p'
OBJEXT='o'
PACKAGE='POLICE_work'
PACKAGE_BUGREPORT='liangzhang@xidian.edu.cn'
PACKAGE_NAME='POLICE_work'
PACKAGE_STRING='POLICE_work 1.0'
PACKAGE_TARNAME='police_work'
PACKAGE_URL=''
PACKAGE_VERSION='1.0'
PATH_SEPARATOR=':'
RANLIB='arm-none-linux-gnueabi-ranlib'
SET_MAKE=''
SHELL='/bin/sh'
STRIP='arm-none-linux-gnueabi-strip'
VERSION='1.0'
ac_ct_CC=''
ac_ct_CXX=''
am__EXEEXT_FALSE=''
am__EXEEXT_TRUE='#'
am__fastdepCC_FALSE='#'
am__fastdepCC_TRUE=''
am__fastdepCXX_FALSE='#'
am__fastdepCXX_TRUE=''
am__include='include'
am__isrc=''
am__leading_dot='.'
am__quote=''
am__tar='${AMTAR} chof - "$$tardir"'
am__untar='${AMTAR} xf -'
bindir='${exec_prefix}/bin'
build_alias=''
datadir='${datarootdir}'
datarootdir='${prefix}/share'
docdir='${datarootdir}/doc/${PACKAGE_TARNAME}'
dvidir='${docdir}'
exec_prefix='${prefix}'
host_alias='arm-none-linux-gnueabi'
htmldir='${docdir}'
includedir='${prefix}/include'
infodir='${datarootdir}/info'
install_sh='${SHELL} /opt/sdb/framework_1209/install-sh'
libdir='${exec_prefix}/lib'
libexecdir='${exec_prefix}/libexec'
localedir='${datarootdir}/locale'
localstatedir='${prefix}/var'
mandir='${datarootdir}/man'
mkdir_p='/bin/mkdir -p'
oldincludedir='/usr/include'
pdfdir='${docdir}'
prefix='/opt/sdb/rootfs/opt/install'
program_transform_name='s,x,x,'
psdir='${docdir}'
sbindir='${exec_prefix}/sbin'
sharedstatedir='${prefix}/com'
sysconfdir='${prefix}/etc'
target_alias=''

## ----------- ##
## confdefs.h. ##
## ----------- ##

/* confdefs.h */
#define PACKAGE_NAME "POLICE_work"
#define PACKAGE_TARNAME "police_work"
#define PACKAGE_VERSION "1.0"
#define PACKAGE_STRING "POLICE_work 1.0"
#define PACKAGE_BUGREPORT "liangzhang@xidian.edu.cn"
#define PACKAGE_URL ""
#define HAVE_LIBPTHREAD 1
#define STDC_HEADERS 1
#define HAVE_SYS_TYPES_H 1
#define HAVE_SYS_STAT_H 1
#define HAVE_STDLIB_H 1
#define HAVE_STRING_H 1
#define HAVE_MEMORY_H 1
#define HAVE_STRINGS_H 1
#define HAVE_INTTYPES_H 1
#define HAVE_STDINT_H 1
#define HAVE_UNISTD_H 1
#define HAVE__BOOL 1
#define HAVE_STDBOOL_H 1

configure: exit 0
